TN:
SF:src/modules/clients/services/CreateClientService.js
FN:3,createClientService
FNF:1
FNH:1
FNDA:15,createClientService
DA:1,5
DA:4,15
DA:6,15
DA:7,1
DA:10,14
DA:12,14
DA:15,5
LF:7
LH:7
BRDA:1,0,0,5
BRDA:1,0,1,0
BRDA:6,1,0,1
BRDA:6,1,1,14
BRF:4
BRH:3
end_of_record
TN:
SF:src/modules/clients/services/ListClientsService.js
FN:3,listClientsService
FNF:1
FNH:1
FNDA:1,listClientsService
DA:1,1
DA:4,1
DA:6,1
DA:9,1
LF:4
LH:4
BRDA:1,0,0,1
BRDA:1,0,1,0
BRF:2
BRH:1
end_of_record
TN:
SF:src/modules/clients/services/ShowClientService.js
FN:3,showClientService
FNF:1
FNH:1
FNDA:5,showClientService
DA:1,3
DA:4,5
DA:6,5
DA:9,3
LF:4
LH:4
BRDA:1,0,0,3
BRDA:1,0,1,0
BRF:2
BRH:1
end_of_record
TN:
SF:src/modules/orders/services/CheckStockService.js
FN:3,checkStockService
FN:4,(anonymous_1)
FNF:2
FNH:2
FNDA:5,checkStockService
FNDA:8,(anonymous_1)
DA:1,3
DA:4,5
DA:5,8
DA:7,8
DA:8,1
DA:11,7
DA:13,7
DA:14,1
DA:19,3
LF:9
LH:9
BRDA:7,0,0,1
BRDA:7,0,1,7
BRDA:13,1,0,1
BRDA:13,1,1,6
BRF:4
BRH:4
end_of_record
TN:
SF:src/modules/orders/services/CreateItemService.js
FN:3,createItemService
FNF:1
FNH:1
FNDA:8,createItemService
DA:1,4
DA:4,8
DA:6,8
DA:9,4
LF:4
LH:4
BRDA:1,0,0,4
BRDA:1,0,1,0
BRF:2
BRH:1
end_of_record
TN:
SF:src/modules/orders/services/CreateOrderService.js
FN:12,createOrderService
FN:25,(anonymous_1)
FN:39,(anonymous_2)
FNF:3
FNH:3
FNDA:4,createOrderService
FNDA:2,(anonymous_1)
FNDA:2,(anonymous_2)
DA:1,2
DA:3,2
DA:5,2
DA:6,2
DA:7,2
DA:8,2
DA:10,2
DA:13,4
DA:15,4
DA:17,4
DA:18,1
DA:21,3
DA:23,2
DA:25,2
DA:26,2
DA:29,2
DA:37,2
DA:39,2
DA:40,2
DA:49,2
DA:51,2
DA:53,2
DA:56,2
LF:23
LH:23
BRDA:1,0,0,2
BRDA:1,0,1,0
BRDA:17,1,0,1
BRDA:17,1,1,3
BRF:4
BRH:3
end_of_record
TN:
SF:src/modules/orders/services/ListItemsService.js
FN:3,listItemsService
FNF:1
FNH:1
FNDA:1,listItemsService
DA:1,1
DA:4,1
DA:6,1
DA:9,1
LF:4
LH:4
BRDA:1,0,0,1
BRDA:1,0,1,0
BRF:2
BRH:1
end_of_record
TN:
SF:src/modules/orders/services/ListOrdersService.js
FN:3,listOrdersService
FNF:1
FNH:1
FNDA:1,listOrdersService
DA:1,1
DA:4,1
DA:6,1
DA:9,1
LF:4
LH:4
BRDA:1,0,0,1
BRDA:1,0,1,0
BRF:2
BRH:1
end_of_record
TN:
SF:src/modules/orders/services/OutOfStockService.js
FN:4,outOfStockService
FN:5,(anonymous_1)
FNF:2
FNH:2
FNDA:4,outOfStockService
FNDA:7,(anonymous_1)
DA:1,3
DA:2,3
DA:5,4
DA:6,7
DA:8,7
DA:9,1
DA:12,6
DA:14,6
DA:18,3
LF:9
LH:9
BRDA:8,0,0,1
BRDA:8,0,1,6
BRF:2
BRH:2
end_of_record
TN:
SF:src/modules/orders/services/SendSaleEmailService.js
FN:3,sendSaleEmailService
FNF:1
FNH:1
FNDA:3,sendSaleEmailService
DA:1,2
DA:4,3
DA:13,3
DA:22,2
LF:4
LH:4
BRF:0
BRH:0
end_of_record
TN:
SF:src/modules/orders/services/ShowOrderService.js
FN:3,showOrderService
FNF:1
FNH:1
FNDA:3,showOrderService
DA:1,3
DA:4,3
DA:6,3
DA:9,3
LF:4
LH:4
BRDA:1,0,0,3
BRDA:1,0,1,0
BRF:2
BRH:1
end_of_record
TN:
SF:src/modules/products/services/CreateProductService.js
FN:3,createProductService
FNF:1
FNH:1
FNDA:24,createProductService
DA:1,8
DA:4,24
DA:6,24
DA:9,8
LF:4
LH:4
BRDA:1,0,0,8
BRDA:1,0,1,0
BRF:2
BRH:1
end_of_record
TN:
SF:src/modules/products/services/ListProductsService.js
FN:3,listProductsService
FNF:1
FNH:1
FNDA:1,listProductsService
DA:1,1
DA:4,1
DA:6,1
DA:9,1
LF:4
LH:4
BRDA:1,0,0,1
BRDA:1,0,1,0
BRF:2
BRH:1
end_of_record
TN:
SF:src/modules/products/services/ShowProductService.js
FN:3,showProductService
FNF:1
FNH:1
FNDA:16,showProductService
DA:1,5
DA:4,16
DA:6,16
DA:9,5
LF:4
LH:4
BRDA:1,0,0,5
BRDA:1,0,1,0
BRF:2
BRH:1
end_of_record
TN:
SF:src/modules/products/services/UpdateProductService.js
FN:3,updateProductService
FNF:1
FNH:1
FNDA:7,updateProductService
DA:1,4
DA:4,7
DA:6,7
DA:9,4
LF:4
LH:4
BRDA:1,0,0,4
BRDA:1,0,1,0
BRF:2
BRH:1
end_of_record
